<?xml version="1.0" encoding="UTF-8"?>
<testng-results skipped="0" failed="1" total="2" passed="1">
  <reporter-output>
  </reporter-output>
  <suite name="American Golf Test Automation Test Suite" duration-ms="16278" started-at="2018-06-14T12:08:30Z" finished-at="2018-06-14T12:08:47Z">
    <groups>
    </groups>
    <test name="Test Automation Regression" duration-ms="16278" started-at="2018-06-14T12:08:30Z" finished-at="2018-06-14T12:08:47Z">
      <class name="com.qa.tests.CartPageTest">
        <test-method status="PASS" signature="startExtent()[pri:0, instance:com.qa.tests.CartPageTest@4fe3c938]" name="startExtent" is-config="true" duration-ms="134" started-at="2018-06-14T17:38:30Z" finished-at="2018-06-14T17:38:30Z">
          <reporter-output>
          </reporter-output>
        </test-method> <!-- startExtent -->
        <test-method status="PASS" signature="setUp()[pri:0, instance:com.qa.tests.CartPageTest@4fe3c938]" name="setUp" is-config="true" duration-ms="8398" started-at="2018-06-14T17:38:30Z" finished-at="2018-06-14T17:38:39Z">
          <reporter-output>
          </reporter-output>
        </test-method> <!-- setUp -->
        <test-method status="FAIL" signature="verifyLogo()[pri:0, instance:com.qa.tests.CartPageTest@4fe3c938]" name="verifyLogo" duration-ms="18" started-at="2018-06-14T17:38:39Z" finished-at="2018-06-14T17:38:39Z">
          <exception class="java.lang.NullPointerException">
            <full-stacktrace>
              <![CDATA[java.lang.NullPointerException
	at com.qa.tests.CartPageTest.verifyLogo(CartPageTest.java:58)
	at sun.reflect.NativeMethodAccessorImpl.invoke0(Native Method)
	at sun.reflect.NativeMethodAccessorImpl.invoke(Unknown Source)
	at sun.reflect.DelegatingMethodAccessorImpl.invoke(Unknown Source)
	at java.lang.reflect.Method.invoke(Unknown Source)
	at org.testng.internal.MethodInvocationHelper.invokeMethod(MethodInvocationHelper.java:86)
	at org.testng.internal.Invoker.invokeMethod(Invoker.java:643)
	at org.testng.internal.Invoker.invokeTestMethod(Invoker.java:820)
	at org.testng.internal.Invoker.invokeTestMethods(Invoker.java:1128)
	at org.testng.internal.TestMethodWorker.invokeTestMethods(TestMethodWorker.java:129)
	at org.testng.internal.TestMethodWorker.run(TestMethodWorker.java:112)
	at org.testng.TestRunner.privateRun(TestRunner.java:782)
	at org.testng.TestRunner.run(TestRunner.java:632)
	at org.testng.SuiteRunner.runTest(SuiteRunner.java:366)
	at org.testng.SuiteRunner.runSequentially(SuiteRunner.java:361)
	at org.testng.SuiteRunner.privateRun(SuiteRunner.java:319)
	at org.testng.SuiteRunner.run(SuiteRunner.java:268)
	at org.testng.SuiteRunnerWorker.runSuite(SuiteRunnerWorker.java:52)
	at org.testng.SuiteRunnerWorker.run(SuiteRunnerWorker.java:86)
	at org.testng.TestNG.runSuitesSequentially(TestNG.java:1244)
	at org.testng.TestNG.runSuitesLocally(TestNG.java:1169)
	at org.testng.TestNG.run(TestNG.java:1064)
	at org.testng.remote.AbstractRemoteTestNG.run(AbstractRemoteTestNG.java:114)
	at org.testng.remote.RemoteTestNG.initAndRun(RemoteTestNG.java:251)
	at org.testng.remote.RemoteTestNG.main(RemoteTestNG.java:77)
]]>
            </full-stacktrace>
          </exception> <!-- java.lang.NullPointerException -->
          <reporter-output>
          </reporter-output>
        </test-method> <!-- verifyLogo -->
        <test-method status="PASS" signature="tearDown(org.testng.ITestResult)[pri:0, instance:com.qa.tests.CartPageTest@4fe3c938]" name="tearDown" is-config="true" duration-ms="1458" started-at="2018-06-14T17:38:39Z" finished-at="2018-06-14T17:38:40Z">
          <params>
            <param index="0">
              <value>
                <![CDATA[[TestResult name=verifyLogo status=FAILURE method=CartPageTest.verifyLogo()[pri:0, instance:com.qa.tests.CartPageTest@4fe3c938] output={null}]]]>
              </value>
            </param>
          </params>
          <reporter-output>
          </reporter-output>
        </test-method> <!-- tearDown -->
        <test-method status="PASS" signature="setUp()[pri:0, instance:com.qa.tests.CartPageTest@4fe3c938]" name="setUp" is-config="true" duration-ms="5322" started-at="2018-06-14T17:38:40Z" finished-at="2018-06-14T17:38:45Z">
          <reporter-output>
          </reporter-output>
        </test-method> <!-- setUp -->
        <test-method status="PASS" signature="verifyTitle()[pri:0, instance:com.qa.tests.CartPageTest@4fe3c938]" name="verifyTitle" duration-ms="3" started-at="2018-06-14T17:38:45Z" finished-at="2018-06-14T17:38:45Z">
          <reporter-output>
          </reporter-output>
        </test-method> <!-- verifyTitle -->
        <test-method status="PASS" signature="tearDown(org.testng.ITestResult)[pri:0, instance:com.qa.tests.CartPageTest@4fe3c938]" name="tearDown" is-config="true" duration-ms="1031" started-at="2018-06-14T17:38:45Z" finished-at="2018-06-14T17:38:47Z">
          <params>
            <param index="0">
              <value>
                <![CDATA[[TestResult name=verifyTitle status=SUCCESS method=CartPageTest.verifyTitle()[pri:0, instance:com.qa.tests.CartPageTest@4fe3c938] output={null}]]]>
              </value>
            </param>
          </params>
          <reporter-output>
          </reporter-output>
        </test-method> <!-- tearDown -->
        <test-method status="PASS" signature="endExtent()[pri:0, instance:com.qa.tests.CartPageTest@4fe3c938]" name="endExtent" is-config="true" duration-ms="491" started-at="2018-06-14T17:38:47Z" finished-at="2018-06-14T17:38:47Z">
          <reporter-output>
          </reporter-output>
        </test-method> <!-- endExtent -->
      </class> <!-- com.qa.tests.CartPageTest -->
    </test> <!-- Test Automation Regression -->
  </suite> <!-- American Golf Test Automation Test Suite -->
</testng-results>
