<?xml version="1.0" encoding="UTF-8"?>
<!-- Generated by org.testng.reporters.JUnitXMLReporter -->
<testsuite hostname="LT-NB-031" name="Test Automation Regression" tests="2" failures="1" timestamp="14 Jun 2018 12:08:47 GMT" time="16.278" errors="0">
  <testcase name="verifyLogo" time="0.018" classname="com.qa.tests.CartPageTest">
    <failure type="java.lang.NullPointerException">
      <![CDATA[java.lang.NullPointerException
	at com.qa.tests.CartPageTest.verifyLogo(CartPageTest.java:58)
... Removed 24 stack frames]]>
    </failure>
  </testcase> <!-- verifyLogo -->
  <testcase name="verifyTitle" time="0.003" classname="com.qa.tests.CartPageTest"/>
</testsuite> <!-- Test Automation Regression -->
